0 info it worked if it ends with ok
1 verbose cli [ '/usr/local/bin/node', '/usr/local/bin/npm', 'run', 'serve' ]
2 info using npm@3.10.8
3 info using node@v6.9.1
4 verbose run-script [ 'preserve', 'serve', 'postserve' ]
5 info lifecycle Jeepin2@1.0.0~preserve: Jeepin2@1.0.0
6 silly lifecycle Jeepin2@1.0.0~preserve: no script for preserve, continuing
7 info lifecycle Jeepin2@1.0.0~serve: Jeepin2@1.0.0
8 verbose lifecycle Jeepin2@1.0.0~serve: unsafe-perm in lifecycle true
9 verbose lifecycle Jeepin2@1.0.0~serve: PATH: /usr/local/lib/node_modules/npm/bin/node-gyp-bin:/Users/mattdaisley/repos/jeepin2/node_modules/.bin:/usr/local/bin:/usr/local/sbin:/usr/local/bin:/usr/bin:/bin:/usr/sbin:/sbin
10 verbose lifecycle Jeepin2@1.0.0~serve: CWD: /Users/mattdaisley/repos/jeepin2
11 silly lifecycle Jeepin2@1.0.0~serve: Args: [ '-c', 'NODE_ENV=dev node index.js' ]
12 silly lifecycle Jeepin2@1.0.0~serve: Returned: code: 255  signal: null
13 info lifecycle Jeepin2@1.0.0~serve: Failed to exec serve script
14 verbose stack Error: Jeepin2@1.0.0 serve: `NODE_ENV=dev node index.js`
14 verbose stack Exit status 255
14 verbose stack     at EventEmitter.<anonymous> (/usr/local/lib/node_modules/npm/lib/utils/lifecycle.js:255:16)
14 verbose stack     at emitTwo (events.js:106:13)
14 verbose stack     at EventEmitter.emit (events.js:191:7)
14 verbose stack     at ChildProcess.<anonymous> (/usr/local/lib/node_modules/npm/lib/utils/spawn.js:40:14)
14 verbose stack     at emitTwo (events.js:106:13)
14 verbose stack     at ChildProcess.emit (events.js:191:7)
14 verbose stack     at maybeClose (internal/child_process.js:877:16)
14 verbose stack     at Process.ChildProcess._handle.onexit (internal/child_process.js:226:5)
15 verbose pkgid Jeepin2@1.0.0
16 verbose cwd /Users/mattdaisley/repos/jeepin2
17 error Darwin 15.4.0
18 error argv "/usr/local/bin/node" "/usr/local/bin/npm" "run" "serve"
19 error node v6.9.1
20 error npm  v3.10.8
21 error code ELIFECYCLE
22 error Jeepin2@1.0.0 serve: `NODE_ENV=dev node index.js`
22 error Exit status 255
23 error Failed at the Jeepin2@1.0.0 serve script 'NODE_ENV=dev node index.js'.
23 error Make sure you have the latest version of node.js and npm installed.
23 error If you do, this is most likely a problem with the Jeepin2 package,
23 error not with npm itself.
23 error Tell the author that this fails on your system:
23 error     NODE_ENV=dev node index.js
23 error You can get information on how to open an issue for this project with:
23 error     npm bugs Jeepin2
23 error Or if that isn't available, you can get their info via:
23 error     npm owner ls Jeepin2
23 error There is likely additional logging output above.
24 verbose exit [ 1, true ]
